<?xml version="1.0" encoding="UTF-8"?>
<testng-results skipped="0" failed="1" ignored="0" total="1" passed="0">
  <reporter-output>
    <line>
      <![CDATA[PASS : Verify ToolsQa homepage appears]]>
    </line>
    <line>
      <![CDATA[PASS : Verify Navigate to product details page]]>
    </line>
    <line>
      <![CDATA[PASS : Verify product is selected]]>
    </line>
  </reporter-output>
  <suite name="Default suite" duration-ms="25841" started-at="2019-08-13T13:49:51Z" finished-at="2019-08-13T13:50:17Z">
    <groups>
    </groups>
    <test name="Default test" duration-ms="25841" started-at="2019-08-13T13:49:51Z" finished-at="2019-08-13T13:50:17Z">
      <class name="com.atmecs.toolsqa.testscripts.TestAddToCart">
        <test-method status="PASS" signature="preSetup()[pri:0, instance:com.atmecs.toolsqa.testscripts.TestAddToCart@527740a2]" name="preSetup" is-config="true" duration-ms="17659" started-at="2019-08-13T13:49:51Z" finished-at="2019-08-13T13:50:09Z">
          <reporter-output>
          </reporter-output>
        </test-method> <!-- preSetup -->
        <test-method status="FAIL" signature="testAddToCart()[pri:0, instance:com.atmecs.toolsqa.testscripts.TestAddToCart@527740a2]" name="testAddToCart" duration-ms="6715" started-at="2019-08-13T13:50:09Z" finished-at="2019-08-13T13:50:16Z">
          <exception class="org.openqa.selenium.NoSuchElementException">
            <message>
              <![CDATA[Cannot locate element with text: 36
For documentation on this error, please visit: https://www.seleniumhq.org/exceptions/no_such_element.html
Build info: version: '3.141.59', revision: 'e82be7d358', time: '2018-11-14T08:17:03'
System info: host: 'ATMECSINLT-135', ip: '192.168.56.1', os.name: 'Windows 10', os.arch: 'amd64', os.version: '10.0', java.version: '1.8.0_201'
Driver info: driver.version: unknown]]>
            </message>
            <full-stacktrace>
              <![CDATA[org.openqa.selenium.NoSuchElementException: Cannot locate element with text: 36
For documentation on this error, please visit: https://www.seleniumhq.org/exceptions/no_such_element.html
Build info: version: '3.141.59', revision: 'e82be7d358', time: '2018-11-14T08:17:03'
System info: host: 'ATMECSINLT-135', ip: '192.168.56.1', os.name: 'Windows 10', os.arch: 'amd64', os.version: '10.0', java.version: '1.8.0_201'
Driver info: driver.version: unknown
at org.openqa.selenium.support.ui.Select.selectByVisibleText(Select.java:147)
at com.atmecs.toolsqa.pages.Homepage.selectSizeOfProduct(Homepage.java:178)
at com.atmecs.toolsqa.helpers.HomepageHelper.enterProductDetailsAndAddToCart(HomepageHelper.java:33)
at com.atmecs.toolsqa.testscripts.TestAddToCart.testAddToCart(TestAddToCart.java:42)
at sun.reflect.NativeMethodAccessorImpl.invoke0(Native Method)
at sun.reflect.NativeMethodAccessorImpl.invoke(NativeMethodAccessorImpl.java:62)
at sun.reflect.DelegatingMethodAccessorImpl.invoke(DelegatingMethodAccessorImpl.java:43)
at java.lang.reflect.Method.invoke(Method.java:498)
at org.testng.internal.MethodInvocationHelper.invokeMethod(MethodInvocationHelper.java:124)
at org.testng.internal.Invoker.invokeMethod(Invoker.java:580)
at org.testng.internal.Invoker.invokeTestMethod(Invoker.java:716)
at org.testng.internal.Invoker.invokeTestMethods(Invoker.java:988)
at org.testng.internal.TestMethodWorker.invokeTestMethods(TestMethodWorker.java:125)
at org.testng.internal.TestMethodWorker.run(TestMethodWorker.java:109)
at org.testng.TestRunner.privateRun(TestRunner.java:648)
at org.testng.TestRunner.run(TestRunner.java:505)
at org.testng.SuiteRunner.runTest(SuiteRunner.java:455)
at org.testng.SuiteRunner.runSequentially(SuiteRunner.java:450)
at org.testng.SuiteRunner.privateRun(SuiteRunner.java:415)
at org.testng.SuiteRunner.run(SuiteRunner.java:364)
at org.testng.SuiteRunnerWorker.runSuite(SuiteRunnerWorker.java:52)
at org.testng.SuiteRunnerWorker.run(SuiteRunnerWorker.java:84)
at org.testng.TestNG.runSuitesSequentially(TestNG.java:1208)
at org.testng.TestNG.runSuitesLocally(TestNG.java:1137)
at org.testng.TestNG.runSuites(TestNG.java:1049)
at org.testng.TestNG.run(TestNG.java:1017)
at org.testng.remote.AbstractRemoteTestNG.run(AbstractRemoteTestNG.java:115)
at org.testng.remote.RemoteTestNG.initAndRun(RemoteTestNG.java:251)
at org.testng.remote.RemoteTestNG.main(RemoteTestNG.java:77)
]]>
            </full-stacktrace>
          </exception> <!-- org.openqa.selenium.NoSuchElementException -->
          <reporter-output>
            <line>
              <![CDATA[PASS : Verify ToolsQa homepage appears]]>
            </line>
            <line>
              <![CDATA[PASS : Verify Navigate to product details page]]>
            </line>
            <line>
              <![CDATA[PASS : Verify product is selected]]>
            </line>
          </reporter-output>
        </test-method> <!-- testAddToCart -->
        <test-method status="PASS" signature="tearDown()[pri:0, instance:com.atmecs.toolsqa.testscripts.TestAddToCart@527740a2]" name="tearDown" is-config="true" duration-ms="1382" started-at="2019-08-13T13:50:16Z" finished-at="2019-08-13T13:50:17Z">
          <reporter-output>
          </reporter-output>
        </test-method> <!-- tearDown -->
      </class> <!-- com.atmecs.toolsqa.testscripts.TestAddToCart -->
    </test> <!-- Default test -->
  </suite> <!-- Default suite -->
</testng-results>
